<?xml version="1.0" encoding="UTF-8"?>
<!-- Generated by org.testng.reporters.JUnitReportReporter -->
<testsuite hostname="DESKTOP-GVMGNEO" failures="0" tests="1" name="practise.DemoPractice" time="96.763" errors="0" timestamp="2021-09-29T10:41:29 IST" skipped="0">
  <testcase classname="practise.DemoPractice" name="testExecution" time="96.763"/>
  <system-out/>
</testsuite> <!-- practise.DemoPractice -->
