<?xml version="1.0" encoding="UTF-8"?>
<!-- Generated by org.testng.reporters.JUnitReportReporter -->
<testsuite hostname="DESKTOP-GVMGNEO" failures="0" tests="3" name="practise.TestNgDemo" time="55.562" errors="0" timestamp="2021-10-04T11:09:08 IST" skipped="0">
  <testcase classname="practise.TestNgDemo" name="Hotelcus1" time="25.545"/>
  <system-out/>
  <testcase classname="practise.TestNgDemo" name="Hotelcus2" time="15.006"/>
  <system-out/>
  <testcase classname="practise.TestNgDemo" name="Hotelcus3" time="15.011"/>
  <system-out/>
</testsuite> <!-- practise.TestNgDemo -->
