<?xml version="1.0" encoding="UTF-8"?>
<!-- Generated by org.testng.reporters.JUnitReportReporter -->
<testsuite hostname="DESKTOP-GVMGNEO" failures="0" tests="1" name="practise.TakingSnapshot" time="17.535" errors="0" timestamp="2021-10-11T10:32:46 IST" skipped="0">
  <testcase classname="practise.TakingSnapshot" name="takeScreenShot" time="17.535"/>
  <system-out/>
</testsuite> <!-- practise.TakingSnapshot -->
