<?xml version="1.0" encoding="UTF-8"?>
<!-- Generated by org.testng.reporters.JUnitReportReporter -->
<testsuite hostname="DESKTOP-GVMGNEO" failures="0" tests="1" name="practise.ExtentReportDemo" time="8.125" errors="0" timestamp="2021-10-27T11:29:04 IST" skipped="0">
  <testcase classname="practise.ExtentReportDemo" name="reportgeneration" time="8.125"/>
  <system-out/>
</testsuite> <!-- practise.ExtentReportDemo -->
